Arguments: 
  C:\Program Files\nodejs\node.exe C:\Users\shaki\.node\corepack\yarn\1.22.19\bin\yarn.js

PATH: 
  C:\Users\shaki\bin;C:\Program Files\Git\mingw64\bin;C:\Program Files\Git\usr\local\bin;C:\Program Files\Git\usr\bin;C:\Program Files\Git\usr\bin;C:\Program Files\Git\mingw64\bin;C:\Program Files\Git\usr\bin;C:\Users\shaki\bin;C:\Users\shaki\.vscode\extensions\stateful.runme-1.10.0-win32-x64\bin;C:\Python310\Scripts;C:\Python310;C:\Program Files (x86)\Common Files\Intel\Shared Libraries\redist\intel64\compiler;C:\Windows\system32;C:\Windows;C:\Windows\System32\Wbem;C:\Windows\System32\WindowsPowerShell\v1.0;C:\Windows\System32\OpenSSH;C:\Program Files\Git\cmd;C:\ProgramData\chocolatey\bin;C:\msys64\mingw64\bin;%NVM_HOME%;%NVM_SYMLINK%;C:\Program Files\MySQL\MySQL Shell 8.0\bin;C:\Users\shaki\AppData\Local\Microsoft\WindowsApps;C:\Users\shaki\AppData\Local\Programs\Microsoft VS Code\bin;C:\Program Files\heroku\bin;C:\Users\shaki\AppData\Roaming\npm;C:\Users\shaki\AppData\Roaming\nvm;C:\Program Files\nodejs;C:\Users\shaki\AppData\Local\Programs\oh-my-posh\bin;C:\Program Files\Git\usr\bin\vendor_perl;C:\Program Files\Git\usr\bin\core_perl

Yarn version: 
  1.22.19

Node version: 
  19.8.1

Platform: 
  win32 x64

Trace: 
  Error: https://registry.npmjs.org/@mui/material/-/material-5.14.11.tgz: ESOCKETTIMEDOUT
      at ClientRequest.<anonymous> (C:\Users\shaki\.node\corepack\yarn\1.22.19\lib\cli.js:141517:19)
      at Object.onceWrapper (node:events:626:28)
      at ClientRequest.emit (node:events:512:28)
      at TLSSocket.emitRequestTimeout (node:_http_client:840:9)
      at Object.onceWrapper (node:events:626:28)
      at TLSSocket.emit (node:events:524:35)
      at Socket._onTimeout (node:net:580:8)
      at listOnTimeout (node:internal/timers:573:17)
      at process.processTimers (node:internal/timers:514:7)

npm manifest: 
  {
    "name": "Booktown", 
    "private": true,
    "version": "0.0.0",
    "type": "module",
    "scripts": {
      "dev": "vite",
      "build": "tsc && vite build",
      "lint": "eslint src --ext ts,tsx --report-unused-disable-directives --max-warnings 0",
      "preview": "vite preview"
    },
    "dependencies": {
      "@emotion/react": "^11.11.1",
      "@emotion/styled": "^11.11.0",
      "@mui/icons-material": "^5.14.0",
      "@mui/material": "^5.14.0",
      "@radix-ui/react-slot": "^1.0.2",
      "@reduxjs/toolkit": "^1.9.5",
      "class-variance-authority": "^0.6.1",
      "clsx": "^1.2.1",
      "firebase": "^10.0.0",
      "fuse.js": "^6.6.2",
      "helmet": "^7.0.0",
      "lottie-react": "^2.4.0",
      "lucide-react": "^0.259.0",
      "react": "^18.2.0",
      "react-day-picker": "^8.8.0",
      "react-dom": "^18.2.0",
      "react-hook-form": "^7.45.1",
      "react-hot-toast": "^2.4.1",
      "react-icons": "^4.10.1",
      "react-lazy-load-image-component": "^1.6.0",
      "react-redux": "^8.1.1",
      "react-responsive-carousel": "^3.2.23",
      "react-router-dom": "^6.14.1",
      "redux-logger": "^3.0.6",
      "sweetalert2": "^11.7.16",
      "swiper": "^10.0.4",
      "tailwind-merge": "^1.13.2",
      "tailwindcss-animate": "^1.0.6"
    },
    "devDependencies": {
      "@tailwindcss/typography": "^0.5.9",
      "@types/node": "^20.4.2",
      "@types/react": "^18.2.15",
      "@types/react-dom": "^18.2.6",
      "@types/react-lazy-load-image-component": "^1.5.3",
      "@types/react-router-dom": "^5.3.3",
      "@typescript-eslint/eslint-plugin": "^5.61.0",
      "@typescript-eslint/parser": "^5.61.0",
      "@vitejs/plugin-react": "^4.0.1",
      "autoprefixer": "^10.4.14",
      "daisyui": "^3.2.1",
      "eslint": "^8.44.0",
      "eslint-plugin-react-hooks": "^4.6.0",
      "eslint-plugin-react-refresh": "^0.4.1",
      "postcss": "^8.4.25",
      "tailwindcss": "^3.3.2",
      "typescript": "^5.0.2",
      "vite": "^4.4.0"
    }
  }

yarn manifest: 
  No manifest

Lockfile: 
  No lockfile
